<?xml version="1.0" encoding="UTF-8"?>
<!-- Generated by org.testng.reporters.JUnitReportReporter -->
<testsuite hostname="DESKTOP-Q3G34CD" failures="0" tests="2" name="Academy.E2EProject.HomePage" time="160.990" errors="0" timestamp="2021-06-23T12:19:37 IST" skipped="0">
  <testcase classname="Academy.E2EProject.HomePage" name="basePageNavigation" time="150.823"/>
  <system-out/>
  <testcase classname="Academy.E2EProject.HomePage" name="basePageNavigation" time="10.167"/>
  <system-out/>
</testsuite> <!-- Academy.E2EProject.HomePage -->
