<?xml version="1.0" encoding="UTF-8"?>
<!-- Generated by org.testng.reporters.JUnitReportReporter -->
<testsuite hostname="DESKTOP-Q3G34CD" failures="0" tests="2" name="Academy.E2EProject.HomePage" time="98.517" errors="0" timestamp="21 Jun 2021 10:02:42 GMT">
  <testcase classname="Academy.E2EProject.HomePage" name="basePageNavigation" time="67.693"/>
  <testcase classname="Academy.E2EProject.HomePage" name="basePageNavigation" time="30.824"/>
</testsuite> <!-- Academy.E2EProject.HomePage -->
