<?xml version="1.0" encoding="UTF-8"?>
<!-- Generated by org.testng.reporters.JUnitReportReporter -->
<testsuite hostname="DESKTOP-Q3G34CD" failures="0" tests="1" name="Academy.E2EProject.ValidateTitle" time="0.250" errors="0" timestamp="21 Jun 2021 10:02:42 GMT">
  <testcase classname="Academy.E2EProject.ValidateTitle" name="basePageNavigation" time="0.250"/>
</testsuite> <!-- Academy.E2EProject.ValidateTitle -->
